<?xml version="1.0" encoding="UTF-8"?>
<!-- Generated by org.testng.reporters.JUnitReportReporter -->
<testsuite hostname="GOD-PC" name="com.testcase.MyFirstTest" tests="1" failures="0" timestamp="27 Jul 2019 08:13:44 GMT" time="75.134" errors="0">
  <testcase name="test" time="75.134" classname="com.testcase.MyFirstTest"/>
</testsuite> <!-- com.testcase.MyFirstTest -->
